[0.197s] DEBUG:colcon:Command line arguments: ['/usr/bin/colcon', 'build']
[0.197s] DEBUG:colcon:Parsed command line arguments: Namespace(allow_overriding=[], ament_cmake_args=None, base_paths=['.'], build_base='build', catkin_cmake_args=None, catkin_skip_building_tests=False, cmake_args=None, cmake_clean_cache=False, cmake_clean_first=False, cmake_force_configure=False, cmake_target=None, cmake_target_skip_unavailable=False, continue_on_error=False, event_handlers=None, executor='parallel', ignore_user_meta=False, install_base='install', log_base=None, log_level=None, main=<bound method BuildVerb.main of <colcon_core.verb.build.BuildVerb object at 0x7f8cfb05d490>>, merge_install=False, metas=['./colcon.meta'], mixin=None, mixin_files=None, mixin_verb=('build',), packages_above=None, packages_above_and_dependencies=None, packages_above_depth=None, packages_end=None, packages_ignore=None, packages_ignore_regex=None, packages_select=None, packages_select_build_failed=False, packages_select_by_dep=None, packages_select_regex=None, packages_select_test_failures=False, packages_skip=None, packages_skip_build_finished=False, packages_skip_by_dep=None, packages_skip_regex=None, packages_skip_test_passed=False, packages_skip_up_to=None, packages_start=None, packages_up_to=None, packages_up_to_regex=None, parallel_workers=12, paths=None, symlink_install=False, test_result_base=None, verb_extension=<colcon_core.verb.build.BuildVerb object at 0x7f8cfb05d490>, verb_name='build', verb_parser=<colcon_mixin.mixin.mixin_argument.MixinArgumentDecorator object at 0x7f8cfafb7e80>)
[0.360s] Level 1:colcon.colcon_core.package_discovery:discover_packages(colcon_meta) check parameters
[0.360s] Level 1:colcon.colcon_core.package_discovery:discover_packages(recursive) check parameters
[0.360s] Level 1:colcon.colcon_core.package_discovery:discover_packages(ignore) check parameters
[0.360s] Level 1:colcon.colcon_core.package_discovery:discover_packages(path) check parameters
[0.360s] Level 1:colcon.colcon_core.package_discovery:discover_packages(colcon_meta) discover
[0.361s] Level 1:colcon.colcon_core.package_discovery:discover_packages(recursive) discover
[0.361s] INFO:colcon.colcon_core.package_discovery:Crawling recursively for packages in '/home/sh0w0ff/drone_racing_ros2_ws/src/drone_racer'
[0.361s] Level 1:colcon.colcon_core.package_identification:_identify(.) by extensions ['ignore', 'ignore_ament_install']
[0.361s] Level 1:colcon.colcon_core.package_identification:_identify(.) by extension 'ignore'
[0.361s] Level 1:colcon.colcon_core.package_identification:_identify(.) by extension 'ignore_ament_install'
[0.361s] Level 1:colcon.colcon_core.package_identification:_identify(.) by extensions ['colcon_pkg']
[0.361s] Level 1:colcon.colcon_core.package_identification:_identify(.) by extension 'colcon_pkg'
[0.361s] Level 1:colcon.colcon_core.package_identification:_identify(.) by extensions ['colcon_meta']
[0.361s] Level 1:colcon.colcon_core.package_identification:_identify(.) by extension 'colcon_meta'
[0.361s] Level 1:colcon.colcon_core.package_identification:_identify(.) by extensions ['ros']
[0.361s] Level 1:colcon.colcon_core.package_identification:_identify(.) by extension 'ros'
[0.373s] DEBUG:colcon.colcon_core.package_identification:Package '.' with type 'ros.ament_python' and name 'drone_racer'
[0.373s] Level 1:colcon.colcon_core.package_discovery:discover_packages(recursive) using defaults
[0.373s] Level 1:colcon.colcon_core.package_discovery:discover_packages(ignore) discover
[0.373s] Level 1:colcon.colcon_core.package_discovery:discover_packages(ignore) using defaults
[0.373s] Level 1:colcon.colcon_core.package_discovery:discover_packages(path) discover
[0.373s] Level 1:colcon.colcon_core.package_discovery:discover_packages(path) using defaults
[0.388s] Level 1:colcon.colcon_core.package_discovery:discover_packages(prefix_path) check parameters
[0.388s] Level 1:colcon.colcon_core.package_discovery:discover_packages(prefix_path) discover
[0.390s] DEBUG:colcon.colcon_installed_package_information.package_discovery:Found 282 installed packages in /opt/ros/galactic
[0.398s] Level 1:colcon.colcon_core.package_discovery:discover_packages(prefix_path) using defaults
[0.467s] Level 5:colcon.colcon_core.verb:set package 'drone_racer' build argument 'cmake_args' from command line to 'None'
[0.467s] Level 5:colcon.colcon_core.verb:set package 'drone_racer' build argument 'cmake_target' from command line to 'None'
[0.467s] Level 5:colcon.colcon_core.verb:set package 'drone_racer' build argument 'cmake_target_skip_unavailable' from command line to 'False'
[0.467s] Level 5:colcon.colcon_core.verb:set package 'drone_racer' build argument 'cmake_clean_cache' from command line to 'False'
[0.467s] Level 5:colcon.colcon_core.verb:set package 'drone_racer' build argument 'cmake_clean_first' from command line to 'False'
[0.467s] Level 5:colcon.colcon_core.verb:set package 'drone_racer' build argument 'cmake_force_configure' from command line to 'False'
[0.467s] Level 5:colcon.colcon_core.verb:set package 'drone_racer' build argument 'ament_cmake_args' from command line to 'None'
[0.467s] Level 5:colcon.colcon_core.verb:set package 'drone_racer' build argument 'catkin_cmake_args' from command line to 'None'
[0.467s] Level 5:colcon.colcon_core.verb:set package 'drone_racer' build argument 'catkin_skip_building_tests' from command line to 'False'
[0.467s] DEBUG:colcon.colcon_core.verb:Building package 'drone_racer' with the following arguments: {'ament_cmake_args': None, 'build_base': '/home/sh0w0ff/drone_racing_ros2_ws/src/drone_racer/build/drone_racer', 'catkin_cmake_args': None, 'catkin_skip_building_tests': False, 'cmake_args': None, 'cmake_clean_cache': False, 'cmake_clean_first': False, 'cmake_force_configure': False, 'cmake_target': None, 'cmake_target_skip_unavailable': False, 'install_base': '/home/sh0w0ff/drone_racing_ros2_ws/src/drone_racer/install/drone_racer', 'merge_install': False, 'path': '/home/sh0w0ff/drone_racing_ros2_ws/src/drone_racer', 'symlink_install': False, 'test_result_base': None}
[0.467s] INFO:colcon.colcon_core.executor:Executing jobs using 'parallel' executor
[0.468s] DEBUG:colcon.colcon_parallel_executor.executor.parallel:run_until_complete
[0.468s] INFO:colcon.colcon_ros.task.ament_python.build:Building ROS package in '/home/sh0w0ff/drone_racing_ros2_ws/src/drone_racer' with build type 'ament_python'
[0.468s] Level 1:colcon.colcon_core.shell:create_environment_hook('drone_racer', 'ament_prefix_path')
[0.470s] INFO:colcon.colcon_core.plugin_system:Skipping extension 'colcon_core.shell.bat': Not used on non-Windows systems
[0.470s] INFO:colcon.colcon_core.shell:Creating environment hook '/home/sh0w0ff/drone_racing_ros2_ws/src/drone_racer/install/drone_racer/share/drone_racer/hook/ament_prefix_path.ps1'
[0.471s] INFO:colcon.colcon_core.shell:Creating environment descriptor '/home/sh0w0ff/drone_racing_ros2_ws/src/drone_racer/install/drone_racer/share/drone_racer/hook/ament_prefix_path.dsv'
[0.471s] INFO:colcon.colcon_core.shell:Creating environment hook '/home/sh0w0ff/drone_racing_ros2_ws/src/drone_racer/install/drone_racer/share/drone_racer/hook/ament_prefix_path.sh'
[0.472s] INFO:colcon.colcon_core.shell:Skip shell extension 'powershell' for command environment: Not usable outside of PowerShell
[0.472s] DEBUG:colcon.colcon_core.shell:Skip shell extension 'dsv' for command environment
[0.703s] INFO:colcon.colcon_core.task.python.build:Building Python package in '/home/sh0w0ff/drone_racing_ros2_ws/src/drone_racer'
[0.704s] INFO:colcon.colcon_core.shell:Skip shell extension 'powershell' for command environment: Not usable outside of PowerShell
[0.704s] DEBUG:colcon.colcon_core.shell:Skip shell extension 'dsv' for command environment
[1.117s] DEBUG:colcon.colcon_core.event_handler.log_command:Invoking command in '/home/sh0w0ff/drone_racing_ros2_ws/src/drone_racer': PYTHONPATH=/home/sh0w0ff/drone_racing_ros2_ws/src/drone_racer/build/drone_racer/prefix_override:/usr/lib/python3/dist-packages/colcon_core/task/python/colcon_distutils_commands:/home/sh0w0ff/drone_racing_ros2_ws/src/drone_racer/install/drone_racer/lib/python3.8/site-packages:${PYTHONPATH} /usr/bin/python3 -W ignore:setup.py install is deprecated -W ignore:easy_install command is deprecated setup.py egg_info --egg-base build/drone_racer build --build-base /home/sh0w0ff/drone_racing_ros2_ws/src/drone_racer/build/drone_racer/build install --record /home/sh0w0ff/drone_racing_ros2_ws/src/drone_racer/build/drone_racer/install.log --single-version-externally-managed install_data
[1.419s] DEBUG:colcon.colcon_core.event_handler.log_command:Invoked command in '/home/sh0w0ff/drone_racing_ros2_ws/src/drone_racer' returned '0': PYTHONPATH=/home/sh0w0ff/drone_racing_ros2_ws/src/drone_racer/build/drone_racer/prefix_override:/usr/lib/python3/dist-packages/colcon_core/task/python/colcon_distutils_commands:/home/sh0w0ff/drone_racing_ros2_ws/src/drone_racer/install/drone_racer/lib/python3.8/site-packages:${PYTHONPATH} /usr/bin/python3 -W ignore:setup.py install is deprecated -W ignore:easy_install command is deprecated setup.py egg_info --egg-base build/drone_racer build --build-base /home/sh0w0ff/drone_racing_ros2_ws/src/drone_racer/build/drone_racer/build install --record /home/sh0w0ff/drone_racing_ros2_ws/src/drone_racer/build/drone_racer/install.log --single-version-externally-managed install_data
[1.421s] Level 1:colcon.colcon_core.environment:checking '/home/sh0w0ff/drone_racing_ros2_ws/src/drone_racer/install/drone_racer' for CMake module files
[1.421s] Level 1:colcon.colcon_core.environment:checking '/home/sh0w0ff/drone_racing_ros2_ws/src/drone_racer/install/drone_racer' for CMake config files
[1.422s] Level 1:colcon.colcon_core.environment:checking '/home/sh0w0ff/drone_racing_ros2_ws/src/drone_racer/install/drone_racer/lib'
[1.422s] Level 1:colcon.colcon_core.environment:checking '/home/sh0w0ff/drone_racing_ros2_ws/src/drone_racer/install/drone_racer/bin'
[1.422s] Level 1:colcon.colcon_core.environment:checking '/home/sh0w0ff/drone_racing_ros2_ws/src/drone_racer/install/drone_racer/lib/pkgconfig/drone_racer.pc'
[1.422s] Level 1:colcon.colcon_core.environment:checking '/home/sh0w0ff/drone_racing_ros2_ws/src/drone_racer/install/drone_racer/lib/python3.8/site-packages'
[1.423s] Level 1:colcon.colcon_core.shell:create_environment_hook('drone_racer', 'pythonpath')
[1.423s] INFO:colcon.colcon_core.shell:Creating environment hook '/home/sh0w0ff/drone_racing_ros2_ws/src/drone_racer/install/drone_racer/share/drone_racer/hook/pythonpath.ps1'
[1.423s] INFO:colcon.colcon_core.shell:Creating environment descriptor '/home/sh0w0ff/drone_racing_ros2_ws/src/drone_racer/install/drone_racer/share/drone_racer/hook/pythonpath.dsv'
[1.424s] INFO:colcon.colcon_core.shell:Creating environment hook '/home/sh0w0ff/drone_racing_ros2_ws/src/drone_racer/install/drone_racer/share/drone_racer/hook/pythonpath.sh'
[1.424s] Level 1:colcon.colcon_core.environment:checking '/home/sh0w0ff/drone_racing_ros2_ws/src/drone_racer/install/drone_racer/bin'
[1.424s] Level 1:colcon.colcon_core.environment:create_environment_scripts_only(drone_racer)
[1.425s] INFO:colcon.colcon_core.shell:Creating package script '/home/sh0w0ff/drone_racing_ros2_ws/src/drone_racer/install/drone_racer/share/drone_racer/package.ps1'
[1.426s] INFO:colcon.colcon_core.shell:Creating package descriptor '/home/sh0w0ff/drone_racing_ros2_ws/src/drone_racer/install/drone_racer/share/drone_racer/package.dsv'
[1.426s] INFO:colcon.colcon_core.shell:Creating package script '/home/sh0w0ff/drone_racing_ros2_ws/src/drone_racer/install/drone_racer/share/drone_racer/package.sh'
[1.427s] INFO:colcon.colcon_core.shell:Creating package script '/home/sh0w0ff/drone_racing_ros2_ws/src/drone_racer/install/drone_racer/share/drone_racer/package.bash'
[1.428s] INFO:colcon.colcon_core.shell:Creating package script '/home/sh0w0ff/drone_racing_ros2_ws/src/drone_racer/install/drone_racer/share/drone_racer/package.zsh'
[1.428s] Level 1:colcon.colcon_core.environment:create_file_with_runtime_dependencies(/home/sh0w0ff/drone_racing_ros2_ws/src/drone_racer/install/drone_racer/share/colcon-core/packages/drone_racer)
[1.429s] DEBUG:colcon.colcon_parallel_executor.executor.parallel:closing loop
[1.429s] DEBUG:colcon.colcon_parallel_executor.executor.parallel:loop closed
[1.429s] DEBUG:colcon.colcon_parallel_executor.executor.parallel:run_until_complete finished with '0'
[1.429s] DEBUG:colcon.colcon_core.event_reactor:joining thread
[1.434s] INFO:colcon.colcon_core.plugin_system:Skipping extension 'colcon_notification.desktop_notification.terminal_notifier': Not used on non-Darwin systems
[1.434s] INFO:colcon.colcon_core.plugin_system:Skipping extension 'colcon_notification.desktop_notification.win32': Not used on non-Windows systems
[1.434s] INFO:colcon.colcon_notification.desktop_notification:Sending desktop notification using 'notify2'
[1.462s] DEBUG:colcon.colcon_core.event_reactor:joined thread
[1.463s] INFO:colcon.colcon_core.shell:Creating prefix script '/home/sh0w0ff/drone_racing_ros2_ws/src/drone_racer/install/local_setup.ps1'
[1.464s] INFO:colcon.colcon_core.shell:Creating prefix util module '/home/sh0w0ff/drone_racing_ros2_ws/src/drone_racer/install/_local_setup_util_ps1.py'
[1.465s] INFO:colcon.colcon_core.shell:Creating prefix chain script '/home/sh0w0ff/drone_racing_ros2_ws/src/drone_racer/install/setup.ps1'
[1.466s] INFO:colcon.colcon_core.shell:Creating prefix script '/home/sh0w0ff/drone_racing_ros2_ws/src/drone_racer/install/local_setup.sh'
[1.467s] INFO:colcon.colcon_core.shell:Creating prefix util module '/home/sh0w0ff/drone_racing_ros2_ws/src/drone_racer/install/_local_setup_util_sh.py'
[1.468s] INFO:colcon.colcon_core.shell:Creating prefix chain script '/home/sh0w0ff/drone_racing_ros2_ws/src/drone_racer/install/setup.sh'
[1.469s] INFO:colcon.colcon_core.shell:Creating prefix script '/home/sh0w0ff/drone_racing_ros2_ws/src/drone_racer/install/local_setup.bash'
[1.469s] INFO:colcon.colcon_core.shell:Creating prefix chain script '/home/sh0w0ff/drone_racing_ros2_ws/src/drone_racer/install/setup.bash'
[1.470s] INFO:colcon.colcon_core.shell:Creating prefix script '/home/sh0w0ff/drone_racing_ros2_ws/src/drone_racer/install/local_setup.zsh'
[1.471s] INFO:colcon.colcon_core.shell:Creating prefix chain script '/home/sh0w0ff/drone_racing_ros2_ws/src/drone_racer/install/setup.zsh'
