[0.608s] Invoking command in '/home/sh0w0ff/drone_racing_ros2_ws/src/drone_racer': PYTHONPATH=/home/sh0w0ff/drone_racing_ros2_ws/src/drone_racer/build/drone_racer/prefix_override:/usr/lib/python3/dist-packages/colcon_core/task/python/colcon_distutils_commands:/home/sh0w0ff/drone_racing_ros2_ws/src/drone_racer/install/drone_racer/lib/python3.8/site-packages:${PYTHONPATH} /usr/bin/python3 -W ignore:setup.py install is deprecated -W ignore:easy_install command is deprecated setup.py egg_info --egg-base build/drone_racer build --build-base /home/sh0w0ff/drone_racing_ros2_ws/src/drone_racer/build/drone_racer/build install --record /home/sh0w0ff/drone_racing_ros2_ws/src/drone_racer/build/drone_racer/install.log --single-version-externally-managed install_data
[0.826s] running egg_info
[0.826s] writing build/drone_racer/drone_racer.egg-info/PKG-INFO
[0.826s] writing dependency_links to build/drone_racer/drone_racer.egg-info/dependency_links.txt
[0.827s] writing entry points to build/drone_racer/drone_racer.egg-info/entry_points.txt
[0.827s] writing requirements to build/drone_racer/drone_racer.egg-info/requires.txt
[0.827s] writing top-level names to build/drone_racer/drone_racer.egg-info/top_level.txt
[0.862s] reading manifest file 'build/drone_racer/drone_racer.egg-info/SOURCES.txt'
[0.863s] writing manifest file 'build/drone_racer/drone_racer.egg-info/SOURCES.txt'
[0.863s] running build
[0.863s] running build_py
[0.863s] running install
[0.864s] running install_lib
[0.865s] running install_data
[0.866s] running install_egg_info
[0.867s] removing '/home/sh0w0ff/drone_racing_ros2_ws/src/drone_racer/install/drone_racer/lib/python3.8/site-packages/drone_racer-0.0.0-py3.8.egg-info' (and everything under it)
[0.868s] Copying build/drone_racer/drone_racer.egg-info to /home/sh0w0ff/drone_racing_ros2_ws/src/drone_racer/install/drone_racer/lib/python3.8/site-packages/drone_racer-0.0.0-py3.8.egg-info
[0.868s] running install_scripts
[0.884s] writing list of installed files to '/home/sh0w0ff/drone_racing_ros2_ws/src/drone_racer/build/drone_racer/install.log'
[0.903s] Invoked command in '/home/sh0w0ff/drone_racing_ros2_ws/src/drone_racer' returned '0': PYTHONPATH=/home/sh0w0ff/drone_racing_ros2_ws/src/drone_racer/build/drone_racer/prefix_override:/usr/lib/python3/dist-packages/colcon_core/task/python/colcon_distutils_commands:/home/sh0w0ff/drone_racing_ros2_ws/src/drone_racer/install/drone_racer/lib/python3.8/site-packages:${PYTHONPATH} /usr/bin/python3 -W ignore:setup.py install is deprecated -W ignore:easy_install command is deprecated setup.py egg_info --egg-base build/drone_racer build --build-base /home/sh0w0ff/drone_racing_ros2_ws/src/drone_racer/build/drone_racer/build install --record /home/sh0w0ff/drone_racing_ros2_ws/src/drone_racer/build/drone_racer/install.log --single-version-externally-managed install_data
