running egg_info
creating build/drone_racer/drone_racer.egg-info
writing build/drone_racer/drone_racer.egg-info/PKG-INFO
writing dependency_links to build/drone_racer/drone_racer.egg-info/dependency_links.txt
writing entry points to build/drone_racer/drone_racer.egg-info/entry_points.txt
writing requirements to build/drone_racer/drone_racer.egg-info/requires.txt
writing top-level names to build/drone_racer/drone_racer.egg-info/top_level.txt
writing manifest file 'build/drone_racer/drone_racer.egg-info/SOURCES.txt'
reading manifest file 'build/drone_racer/drone_racer.egg-info/SOURCES.txt'
writing manifest file 'build/drone_racer/drone_racer.egg-info/SOURCES.txt'
running build
running build_py
creating /home/sh0w0ff/drone_racing_ros2_ws/src/drone_racer/build/drone_racer/build
creating /home/sh0w0ff/drone_racing_ros2_ws/src/drone_racer/build/drone_racer/build/lib
creating /home/sh0w0ff/drone_racing_ros2_ws/src/drone_racer/build/drone_racer/build/lib/drone_racer
copying drone_racer/perception_node.py -> /home/sh0w0ff/drone_racing_ros2_ws/src/drone_racer/build/drone_racer/build/lib/drone_racer
copying drone_racer/__init__.py -> /home/sh0w0ff/drone_racing_ros2_ws/src/drone_racer/build/drone_racer/build/lib/drone_racer
running install
running install_lib
creating /home/sh0w0ff/drone_racing_ros2_ws/src/drone_racer/install/drone_racer/lib/python3.8/site-packages/drone_racer
copying /home/sh0w0ff/drone_racing_ros2_ws/src/drone_racer/build/drone_racer/build/lib/drone_racer/perception_node.py -> /home/sh0w0ff/drone_racing_ros2_ws/src/drone_racer/install/drone_racer/lib/python3.8/site-packages/drone_racer
copying /home/sh0w0ff/drone_racing_ros2_ws/src/drone_racer/build/drone_racer/build/lib/drone_racer/__init__.py -> /home/sh0w0ff/drone_racing_ros2_ws/src/drone_racer/install/drone_racer/lib/python3.8/site-packages/drone_racer
byte-compiling /home/sh0w0ff/drone_racing_ros2_ws/src/drone_racer/install/drone_racer/lib/python3.8/site-packages/drone_racer/perception_node.py to perception_node.cpython-38.pyc
byte-compiling /home/sh0w0ff/drone_racing_ros2_ws/src/drone_racer/install/drone_racer/lib/python3.8/site-packages/drone_racer/__init__.py to __init__.cpython-38.pyc
running install_data
creating /home/sh0w0ff/drone_racing_ros2_ws/src/drone_racer/install/drone_racer/share/ament_index
creating /home/sh0w0ff/drone_racing_ros2_ws/src/drone_racer/install/drone_racer/share/ament_index/resource_index
creating /home/sh0w0ff/drone_racing_ros2_ws/src/drone_racer/install/drone_racer/share/ament_index/resource_index/packages
copying resource/drone_racer -> /home/sh0w0ff/drone_racing_ros2_ws/src/drone_racer/install/drone_racer/share/ament_index/resource_index/packages
copying package.xml -> /home/sh0w0ff/drone_racing_ros2_ws/src/drone_racer/install/drone_racer/share/drone_racer
running install_egg_info
Copying build/drone_racer/drone_racer.egg-info to /home/sh0w0ff/drone_racing_ros2_ws/src/drone_racer/install/drone_racer/lib/python3.8/site-packages/drone_racer-0.0.0-py3.8.egg-info
running install_scripts
writing list of installed files to '/home/sh0w0ff/drone_racing_ros2_ws/src/drone_racer/build/drone_racer/install.log'
